2024-04-07_13:21:35.983 [main] INFO  testcases.TC001_LoginValidationTest - Clicked on the Make Appointment button
2024-04-07_13:21:36.049 [main] INFO  testcases.TC001_LoginValidationTest - Successfully navigated to Aura Login Page
2024-04-07_13:21:36.050 [main] INFO  testcases.TC001_LoginValidationTest - Adding Login credentials
2024-04-07_13:21:36.190 [main] INFO  testcases.TC001_LoginValidationTest - Clicking on Login button
2024-04-07_13:22:03.979 [main] INFO  testcases.TC002_ScheduleAppointmentTest - *** Starting TC002_ScheduleAppointmentTest ***
2024-04-07_13:22:04.812 [main] INFO  testcases.TC002_ScheduleAppointmentTest - Clicked on the Make Appointment button
2024-04-07_13:22:04.867 [main] INFO  testcases.TC002_ScheduleAppointmentTest - Successfully navigated to Aura Login Page
2024-04-07_13:22:04.868 [main] INFO  testcases.TC002_ScheduleAppointmentTest - Adding Login credentials
2024-04-07_13:22:05.142 [main] INFO  testcases.TC002_ScheduleAppointmentTest - Clicking on Login button
2024-04-07_13:22:06.015 [main] INFO  testcases.TC002_ScheduleAppointmentTest - Facility added for the patient - Seoul CURA Healthcare Center
2024-04-07_13:22:06.045 [main] INFO  testcases.TC002_ScheduleAppointmentTest - Checked the Re-Admission checkbox
2024-04-07_13:22:06.075 [main] INFO  testcases.TC002_ScheduleAppointmentTest - Health care selected
2024-04-07_13:22:06.239 [main] INFO  testcases.TC002_ScheduleAppointmentTest - Visit date specified - 07/04/2024
2024-04-07_13:22:06.367 [main] INFO  testcases.TC002_ScheduleAppointmentTest - Comments specified - ecYgSMyMLD3411788191
2024-04-07_13:22:06.808 [main] INFO  testcases.TC002_ScheduleAppointmentTest - Clicked on Book Appointment button
2024-04-07_13:28:34.277 [main] INFO  testcases.TC001_LoginValidationTest - ****** Starting TC001_LoginValidationTest *******
2024-04-07_13:28:34.432 [main] INFO  testcases.TC001_LoginValidationTest - Successfully navigated to Aura Homepage
2024-04-07_13:28:35.302 [main] INFO  testcases.TC001_LoginValidationTest - Clicked on the Make Appointment button
2024-04-07_13:28:35.362 [main] INFO  testcases.TC001_LoginValidationTest - Successfully navigated to Aura Login Page
2024-04-07_13:28:35.362 [main] INFO  testcases.TC001_LoginValidationTest - Adding Login credentials
2024-04-07_13:28:35.632 [main] INFO  testcases.TC001_LoginValidationTest - Clicking on Login button
2024-04-07_13:28:36.453 [main] INFO  testcases.TC001_LoginValidationTest - Successfully navigated to Aura Schedule Appointment Page
2024-04-07_13:28:36.453 [main] INFO  testcases.TC001_LoginValidationTest - ****** Finished TC001_LoginValidationTest *******
2024-04-07_13:28:41.434 [main] INFO  testcases.TC002_ScheduleAppointmentTest - *** Starting TC002_ScheduleAppointmentTest ***
2024-04-07_13:28:42.447 [main] INFO  testcases.TC002_ScheduleAppointmentTest - Clicked on the Make Appointment button
2024-04-07_13:28:42.508 [main] INFO  testcases.TC002_ScheduleAppointmentTest - Successfully navigated to Aura Login Page
2024-04-07_13:28:42.508 [main] INFO  testcases.TC002_ScheduleAppointmentTest - Adding Login credentials
2024-04-07_13:28:42.789 [main] INFO  testcases.TC002_ScheduleAppointmentTest - Clicking on Login button
2024-04-07_13:28:43.989 [main] INFO  testcases.TC002_ScheduleAppointmentTest - Facility added for the patient - Seoul CURA Healthcare Center
2024-04-07_13:28:44.025 [main] INFO  testcases.TC002_ScheduleAppointmentTest - Checked the Re-Admission checkbox
2024-04-07_13:28:44.059 [main] INFO  testcases.TC002_ScheduleAppointmentTest - Health care selected
2024-04-07_13:28:44.253 [main] INFO  testcases.TC002_ScheduleAppointmentTest - Visit date specified - 07/04/2024
2024-04-07_13:28:44.394 [main] INFO  testcases.TC002_ScheduleAppointmentTest - Comments specified - JQlJovbmlm8956430602
2024-04-07_13:28:44.872 [main] INFO  testcases.TC002_ScheduleAppointmentTest - Clicked on Book Appointment button
2024-04-07_13:28:45.007 [main] INFO  testcases.TC002_ScheduleAppointmentTest - Successfully created an appointment
2024-04-07_13:28:45.008 [main] INFO  testcases.TC002_ScheduleAppointmentTest - *** Finished TC002_ScheduleAppointmentTest ***
2024-04-09_09:54:17.799 [main] INFO  testcases.TC001_LoginValidationTest - ****** Starting TC001_LoginValidationTest *******
2024-04-09_09:54:17.861 [main] INFO  testcases.TC001_LoginValidationTest - Successfully navigated to Aura Homepage
2024-04-09_09:54:18.330 [main] INFO  testcases.TC001_LoginValidationTest - Clicked on the Make Appointment button
2024-04-09_09:54:18.353 [main] INFO  testcases.TC001_LoginValidationTest - Successfully navigated to Aura Login Page
2024-04-09_09:54:18.353 [main] INFO  testcases.TC001_LoginValidationTest - Adding Login credentials
2024-04-09_09:54:18.457 [main] INFO  testcases.TC001_LoginValidationTest - Clicking on Login button
2024-04-09_09:54:19.197 [main] INFO  testcases.TC001_LoginValidationTest - Successfully navigated to Aura Schedule Appointment Page
2024-04-09_09:54:19.197 [main] INFO  testcases.TC001_LoginValidationTest - ****** Finished TC001_LoginValidationTest *******
2024-04-09_09:54:24.348 [main] INFO  testcases.TC002_ScheduleAppointmentTest - *** Starting TC002_ScheduleAppointmentTest ***
2024-04-09_09:54:24.850 [main] INFO  testcases.TC002_ScheduleAppointmentTest - Clicked on the Make Appointment button
2024-04-09_09:54:24.871 [main] INFO  testcases.TC002_ScheduleAppointmentTest - Successfully navigated to Aura Login Page
2024-04-09_09:54:24.871 [main] INFO  testcases.TC002_ScheduleAppointmentTest - Adding Login credentials
2024-04-09_09:54:24.989 [main] INFO  testcases.TC002_ScheduleAppointmentTest - Clicking on Login button
2024-04-09_09:54:25.691 [main] INFO  testcases.TC002_ScheduleAppointmentTest - Facility added for the patient - Seoul CURA Healthcare Center
2024-04-09_09:54:25.703 [main] INFO  testcases.TC002_ScheduleAppointmentTest - Checked the Re-Admission checkbox
2024-04-09_09:54:25.715 [main] INFO  testcases.TC002_ScheduleAppointmentTest - Health care selected
2024-04-09_09:54:25.793 [main] INFO  testcases.TC002_ScheduleAppointmentTest - Visit date specified - 09/04/2024
2024-04-09_09:54:25.850 [main] INFO  testcases.TC002_ScheduleAppointmentTest - Comments specified - mxSYpElwID3098549853
2024-04-09_09:54:26.139 [main] INFO  testcases.TC002_ScheduleAppointmentTest - Clicked on Book Appointment button
2024-04-09_09:54:26.193 [main] INFO  testcases.TC002_ScheduleAppointmentTest - Successfully created an appointment
2024-04-09_09:54:26.193 [main] INFO  testcases.TC002_ScheduleAppointmentTest - *** Finished TC002_ScheduleAppointmentTest ***
2024-04-09_09:59:56.018 [main] INFO  testcases.TC001_LoginValidationTest - ****** Starting TC001_LoginValidationTest *******
2024-04-09_09:59:56.083 [main] INFO  testcases.TC001_LoginValidationTest - Successfully navigated to Aura Homepage
2024-04-09_09:59:56.473 [main] INFO  testcases.TC001_LoginValidationTest - Clicked on the Make Appointment button
2024-04-09_09:59:56.495 [main] INFO  testcases.TC001_LoginValidationTest - Successfully navigated to Aura Login Page
2024-04-09_09:59:56.495 [main] INFO  testcases.TC001_LoginValidationTest - Adding Login credentials
2024-04-09_09:59:56.617 [main] INFO  testcases.TC001_LoginValidationTest - Clicking on Login button
2024-04-09_09:59:57.199 [main] INFO  testcases.TC001_LoginValidationTest - Successfully navigated to Aura Schedule Appointment Page
2024-04-09_09:59:57.200 [main] INFO  testcases.TC001_LoginValidationTest - ****** Finished TC001_LoginValidationTest *******
2024-04-09_10:00:01.491 [main] INFO  testcases.TC002_ScheduleAppointmentTest - *** Starting TC002_ScheduleAppointmentTest ***
2024-04-09_10:00:01.959 [main] INFO  testcases.TC002_ScheduleAppointmentTest - Clicked on the Make Appointment button
2024-04-09_10:00:01.984 [main] INFO  testcases.TC002_ScheduleAppointmentTest - Successfully navigated to Aura Login Page
2024-04-09_10:00:01.984 [main] INFO  testcases.TC002_ScheduleAppointmentTest - Adding Login credentials
2024-04-09_10:00:02.096 [main] INFO  testcases.TC002_ScheduleAppointmentTest - Clicking on Login button
2024-04-09_10:00:02.849 [main] INFO  testcases.TC002_ScheduleAppointmentTest - Facility added for the patient - Seoul CURA Healthcare Center
2024-04-09_10:00:02.862 [main] INFO  testcases.TC002_ScheduleAppointmentTest - Checked the Re-Admission checkbox
2024-04-09_10:00:02.875 [main] INFO  testcases.TC002_ScheduleAppointmentTest - Health care selected
2024-04-09_10:00:02.950 [main] INFO  testcases.TC002_ScheduleAppointmentTest - Visit date specified - 09/04/2024
2024-04-09_10:00:03.007 [main] INFO  testcases.TC002_ScheduleAppointmentTest - Comments specified - LudDQKZQtd1045182896
2024-04-09_10:00:03.295 [main] INFO  testcases.TC002_ScheduleAppointmentTest - Clicked on Book Appointment button
2024-04-09_10:17:29.649 [main] INFO  testcases.TC001_LoginValidationTest - ****** Starting TC001_LoginValidationTest *******
2024-04-09_10:17:29.706 [main] INFO  testcases.TC001_LoginValidationTest - Successfully navigated to Aura Homepage
2024-04-09_10:17:30.045 [main] INFO  testcases.TC001_LoginValidationTest - Clicked on the Make Appointment button
2024-04-09_10:17:30.065 [main] INFO  testcases.TC001_LoginValidationTest - Successfully navigated to Aura Login Page
2024-04-09_10:17:30.065 [main] INFO  testcases.TC001_LoginValidationTest - Adding Login credentials
2024-04-09_10:17:30.174 [main] INFO  testcases.TC001_LoginValidationTest - Clicking on Login button
2024-04-09_10:17:30.747 [main] INFO  testcases.TC001_LoginValidationTest - Successfully navigated to Aura Schedule Appointment Page
2024-04-09_10:17:30.747 [main] INFO  testcases.TC001_LoginValidationTest - ****** Finished TC001_LoginValidationTest *******
2024-04-09_10:17:36.043 [main] INFO  testcases.TC002_ScheduleAppointmentTest - *** Starting TC002_ScheduleAppointmentTest ***
2024-04-09_10:17:37.047 [main] INFO  testcases.TC002_ScheduleAppointmentTest - Clicked on the Make Appointment button
2024-04-09_10:17:37.068 [main] INFO  testcases.TC002_ScheduleAppointmentTest - Successfully navigated to Aura Login Page
2024-04-09_10:17:37.068 [main] INFO  testcases.TC002_ScheduleAppointmentTest - Adding Login credentials
2024-04-09_10:17:37.171 [main] INFO  testcases.TC002_ScheduleAppointmentTest - Clicking on Login button
2024-04-09_10:17:37.963 [main] INFO  testcases.TC002_ScheduleAppointmentTest - Facility added for the patient - Seoul CURA Healthcare Center
2024-04-09_10:17:37.976 [main] INFO  testcases.TC002_ScheduleAppointmentTest - Checked the Re-Admission checkbox
2024-04-09_10:17:37.988 [main] INFO  testcases.TC002_ScheduleAppointmentTest - Health care selected
2024-04-09_10:17:38.066 [main] INFO  testcases.TC002_ScheduleAppointmentTest - Visit date specified - 09/04/2024
2024-04-09_10:17:38.125 [main] INFO  testcases.TC002_ScheduleAppointmentTest - Comments specified - WuDLhfViZR0084405399
2024-04-09_10:17:38.424 [main] INFO  testcases.TC002_ScheduleAppointmentTest - Clicked on Book Appointment button
2024-04-09_10:19:06.180 [main] INFO  testcases.TC001_LoginValidationTest - ****** Starting TC001_LoginValidationTest *******
2024-04-09_10:19:06.238 [main] INFO  testcases.TC001_LoginValidationTest - Successfully navigated to Aura Homepage
2024-04-09_10:19:06.602 [main] INFO  testcases.TC001_LoginValidationTest - Clicked on the Make Appointment button
2024-04-09_10:19:06.621 [main] INFO  testcases.TC001_LoginValidationTest - Successfully navigated to Aura Login Page
2024-04-09_10:19:06.621 [main] INFO  testcases.TC001_LoginValidationTest - Adding Login credentials
2024-04-09_10:19:06.735 [main] INFO  testcases.TC001_LoginValidationTest - Clicking on Login button
2024-04-09_10:19:07.332 [main] INFO  testcases.TC001_LoginValidationTest - Successfully navigated to Aura Schedule Appointment Page
2024-04-09_10:19:07.332 [main] INFO  testcases.TC001_LoginValidationTest - ****** Finished TC001_LoginValidationTest *******
2024-04-09_10:19:10.727 [main] INFO  testcases.TC002_ScheduleAppointmentTest - *** Starting TC002_ScheduleAppointmentTest ***
2024-04-09_10:19:11.109 [main] INFO  testcases.TC002_ScheduleAppointmentTest - Clicked on the Make Appointment button
2024-04-09_10:19:11.130 [main] INFO  testcases.TC002_ScheduleAppointmentTest - Successfully navigated to Aura Login Page
2024-04-09_10:19:11.130 [main] INFO  testcases.TC002_ScheduleAppointmentTest - Adding Login credentials
2024-04-09_10:19:11.247 [main] INFO  testcases.TC002_ScheduleAppointmentTest - Clicking on Login button
2024-04-09_10:19:11.910 [main] INFO  testcases.TC002_ScheduleAppointmentTest - Facility added for the patient - Seoul CURA Healthcare Center
2024-04-09_10:19:11.923 [main] INFO  testcases.TC002_ScheduleAppointmentTest - Checked the Re-Admission checkbox
2024-04-09_10:19:11.937 [main] INFO  testcases.TC002_ScheduleAppointmentTest - Health care selected
2024-04-09_10:19:12.009 [main] INFO  testcases.TC002_ScheduleAppointmentTest - Visit date specified - 09/04/2024
2024-04-09_10:19:12.065 [main] INFO  testcases.TC002_ScheduleAppointmentTest - Comments specified - sTdfIMNWnm3680747553
2024-04-09_10:19:12.364 [main] INFO  testcases.TC002_ScheduleAppointmentTest - Clicked on Book Appointment button
2024-04-09_10:19:12.440 [main] INFO  testcases.TC002_ScheduleAppointmentTest - Successfully created an appointment
2024-04-09_10:19:12.440 [main] INFO  testcases.TC002_ScheduleAppointmentTest - *** Finished TC002_ScheduleAppointmentTest ***
2024-04-09_10:22:45.889 [main] INFO  testcases.TC001_LoginValidationTest - ****** Starting TC001_LoginValidationTest *******
2024-04-09_10:22:45.951 [main] INFO  testcases.TC001_LoginValidationTest - Successfully navigated to Aura Homepage
2024-04-09_10:22:46.304 [main] INFO  testcases.TC001_LoginValidationTest - Clicked on the Make Appointment button
2024-04-09_10:22:46.324 [main] INFO  testcases.TC001_LoginValidationTest - Successfully navigated to Aura Login Page
2024-04-09_10:22:46.324 [main] INFO  testcases.TC001_LoginValidationTest - Adding Login credentials
2024-04-09_10:22:46.438 [main] INFO  testcases.TC001_LoginValidationTest - Clicking on Login button
2024-04-09_10:22:46.992 [main] INFO  testcases.TC001_LoginValidationTest - Successfully navigated to Aura Schedule Appointment Page
2024-04-09_10:22:46.992 [main] INFO  testcases.TC001_LoginValidationTest - ****** Finished TC001_LoginValidationTest *******
2024-04-09_10:22:50.420 [main] INFO  testcases.TC002_ScheduleAppointmentTest - *** Starting TC002_ScheduleAppointmentTest ***
2024-04-09_10:22:50.777 [main] INFO  testcases.TC002_ScheduleAppointmentTest - Clicked on the Make Appointment button
2024-04-09_10:22:50.798 [main] INFO  testcases.TC002_ScheduleAppointmentTest - Successfully navigated to Aura Login Page
2024-04-09_10:22:50.798 [main] INFO  testcases.TC002_ScheduleAppointmentTest - Adding Login credentials
2024-04-09_10:22:50.918 [main] INFO  testcases.TC002_ScheduleAppointmentTest - Clicking on Login button
2024-04-09_10:22:51.562 [main] INFO  testcases.TC002_ScheduleAppointmentTest - Facility added for the patient - Seoul CURA Healthcare Center
2024-04-09_10:22:51.575 [main] INFO  testcases.TC002_ScheduleAppointmentTest - Checked the Re-Admission checkbox
2024-04-09_10:22:51.587 [main] INFO  testcases.TC002_ScheduleAppointmentTest - Health care selected
2024-04-09_10:22:51.661 [main] INFO  testcases.TC002_ScheduleAppointmentTest - Visit date specified - 09/04/2024
2024-04-09_10:22:51.719 [main] INFO  testcases.TC002_ScheduleAppointmentTest - Comments specified - nsrmAhJfSl4520378429
2024-04-09_10:22:52.020 [main] INFO  testcases.TC002_ScheduleAppointmentTest - Clicked on Book Appointment button
2024-04-09_10:22:52.060 [main] INFO  testcases.TC002_ScheduleAppointmentTest - Successfully created an appointment
2024-04-09_10:22:52.060 [main] INFO  testcases.TC002_ScheduleAppointmentTest - *** Finished TC002_ScheduleAppointmentTest ***
2024-04-10_10:17:18.125 [main] INFO  testcases.TC001_LoginValidationTest - ****** Starting TC001_LoginValidationTest *******
2024-04-10_10:17:18.280 [main] INFO  testcases.TC001_LoginValidationTest - Successfully navigated to Aura Homepage
2024-04-10_10:17:19.138 [main] INFO  testcases.TC001_LoginValidationTest - Clicked on the Make Appointment button
2024-04-10_10:17:19.201 [main] INFO  testcases.TC001_LoginValidationTest - Successfully navigated to Aura Login Page
2024-04-10_10:17:19.201 [main] INFO  testcases.TC001_LoginValidationTest - Adding Login credentials
2024-04-10_10:17:19.491 [main] INFO  testcases.TC001_LoginValidationTest - Clicking on Login button
2024-04-10_10:17:20.343 [main] INFO  testcases.TC001_LoginValidationTest - Successfully navigated to Aura Schedule Appointment Page
2024-04-10_10:17:20.344 [main] INFO  testcases.TC001_LoginValidationTest - ****** Finished TC001_LoginValidationTest *******
2024-04-10_10:17:27.333 [main] INFO  testcases.TC002_ScheduleAppointmentTest - *** Starting TC002_ScheduleAppointmentTest ***
2024-04-10_10:17:28.180 [main] INFO  testcases.TC002_ScheduleAppointmentTest - Clicked on the Make Appointment button
2024-04-10_10:17:28.241 [main] INFO  testcases.TC002_ScheduleAppointmentTest - Successfully navigated to Aura Login Page
2024-04-10_10:17:28.241 [main] INFO  testcases.TC002_ScheduleAppointmentTest - Adding Login credentials
2024-04-10_10:17:28.496 [main] INFO  testcases.TC002_ScheduleAppointmentTest - Clicking on Login button
2024-04-10_10:17:29.488 [main] INFO  testcases.TC002_ScheduleAppointmentTest - Facility added for the patient - Seoul CURA Healthcare Center
2024-04-10_10:17:29.521 [main] INFO  testcases.TC002_ScheduleAppointmentTest - Checked the Re-Admission checkbox
2024-04-10_10:17:29.551 [main] INFO  testcases.TC002_ScheduleAppointmentTest - Health care selected
2024-04-10_10:17:29.752 [main] INFO  testcases.TC002_ScheduleAppointmentTest - Visit date specified - 10/04/2024
2024-04-10_10:17:29.902 [main] INFO  testcases.TC002_ScheduleAppointmentTest - Comments specified - FnceQdfEXq4461351963
2024-04-10_10:17:30.369 [main] INFO  testcases.TC002_ScheduleAppointmentTest - Clicked on Book Appointment button
2024-04-10_10:17:30.481 [main] INFO  testcases.TC002_ScheduleAppointmentTest - Successfully created an appointment
2024-04-10_10:17:30.481 [main] INFO  testcases.TC002_ScheduleAppointmentTest - *** Finished TC002_ScheduleAppointmentTest ***
2024-04-10_10:19:16.862 [main] INFO  testcases.TC001_LoginValidationTest - ****** Starting TC001_LoginValidationTest *******
2024-04-10_10:19:17.012 [main] INFO  testcases.TC001_LoginValidationTest - Successfully navigated to Aura Homepage
2024-04-10_10:19:17.541 [main] INFO  testcases.TC001_LoginValidationTest - Clicked on the Make Appointment button
2024-04-10_10:19:17.589 [main] INFO  testcases.TC001_LoginValidationTest - Successfully navigated to Aura Login Page
2024-04-10_10:19:17.589 [main] INFO  testcases.TC001_LoginValidationTest - Adding Login credentials
2024-04-10_10:19:17.892 [main] INFO  testcases.TC001_LoginValidationTest - Clicking on Login button
2024-04-10_10:19:18.741 [main] INFO  testcases.TC001_LoginValidationTest - Successfully navigated to Aura Schedule Appointment Page
2024-04-10_10:19:18.741 [main] INFO  testcases.TC001_LoginValidationTest - ****** Finished TC001_LoginValidationTest *******
2024-04-10_10:19:22.816 [main] INFO  testcases.TC002_ScheduleAppointmentTest - *** Starting TC002_ScheduleAppointmentTest ***
2024-04-10_10:19:23.628 [main] INFO  testcases.TC002_ScheduleAppointmentTest - Clicked on the Make Appointment button
2024-04-10_10:19:23.690 [main] INFO  testcases.TC002_ScheduleAppointmentTest - Successfully navigated to Aura Login Page
2024-04-10_10:19:23.691 [main] INFO  testcases.TC002_ScheduleAppointmentTest - Adding Login credentials
2024-04-10_10:19:23.969 [main] INFO  testcases.TC002_ScheduleAppointmentTest - Clicking on Login button
2024-04-10_10:19:24.878 [main] INFO  testcases.TC002_ScheduleAppointmentTest - Facility added for the patient - Seoul CURA Healthcare Center
2024-04-10_10:19:24.911 [main] INFO  testcases.TC002_ScheduleAppointmentTest - Checked the Re-Admission checkbox
2024-04-10_10:19:24.946 [main] INFO  testcases.TC002_ScheduleAppointmentTest - Health care selected
2024-04-10_10:19:25.129 [main] INFO  testcases.TC002_ScheduleAppointmentTest - Visit date specified - 10/04/2024
2024-04-10_10:19:25.254 [main] INFO  testcases.TC002_ScheduleAppointmentTest - Comments specified - OWijmtstrf8648014123
2024-04-10_10:19:25.684 [main] INFO  testcases.TC002_ScheduleAppointmentTest - Clicked on Book Appointment button
2024-04-10_10:19:25.773 [main] INFO  testcases.TC002_ScheduleAppointmentTest - Successfully created an appointment
2024-04-10_10:19:25.774 [main] INFO  testcases.TC002_ScheduleAppointmentTest - *** Finished TC002_ScheduleAppointmentTest ***
2024-04-10_10:19:34.504 [main] INFO  testcases.TC003_LoginDDT - *** Starting TC003_LoginDDT ***
2024-04-10_10:19:37.096 [main] INFO  testcases.TC003_LoginDDT - *** Finished TC003_LoginDDT ***
2024-04-10_10:19:37.100 [main] INFO  testcases.TC003_LoginDDT - *** Starting TC003_LoginDDT ***
2024-04-10_10:19:58.602 [main] INFO  testcases.TC003_LoginDDT - *** Finished TC003_LoginDDT ***
2024-04-10_10:19:58.605 [main] INFO  testcases.TC003_LoginDDT - *** Starting TC003_LoginDDT ***
2024-04-10_10:20:19.755 [main] INFO  testcases.TC003_LoginDDT - *** Finished TC003_LoginDDT ***
2024-04-10_10:20:19.755 [main] INFO  testcases.TC003_LoginDDT - *** Starting TC003_LoginDDT ***
2024-04-10_10:20:40.895 [main] INFO  testcases.TC003_LoginDDT - *** Finished TC003_LoginDDT ***
2024-04-10_10:20:40.895 [main] INFO  testcases.TC003_LoginDDT - *** Starting TC003_LoginDDT ***
2024-04-10_10:20:42.835 [main] INFO  testcases.TC003_LoginDDT - *** Finished TC003_LoginDDT ***
2024-04-10_11:49:03.423 [main] INFO  testcases.TC001_LoginValidationTest - ****** Starting TC001_LoginValidationTest *******
2024-04-10_11:49:03.594 [main] INFO  testcases.TC001_LoginValidationTest - Successfully navigated to Aura Homepage
2024-04-10_11:49:05.696 [main] INFO  testcases.TC001_LoginValidationTest - Clicked on the Make Appointment button
2024-04-10_11:49:05.751 [main] INFO  testcases.TC001_LoginValidationTest - Successfully navigated to Aura Login Page
2024-04-10_11:49:05.752 [main] INFO  testcases.TC001_LoginValidationTest - Adding Login credentials
2024-04-10_11:49:06.040 [main] INFO  testcases.TC001_LoginValidationTest - Clicking on Login button
2024-04-10_11:49:07.854 [main] INFO  testcases.TC001_LoginValidationTest - Successfully navigated to Aura Schedule Appointment Page
2024-04-10_11:49:07.854 [main] INFO  testcases.TC001_LoginValidationTest - ****** Finished TC001_LoginValidationTest *******
2024-04-10_11:49:17.608 [main] INFO  testcases.TC002_ScheduleAppointmentTest - *** Starting TC002_ScheduleAppointmentTest ***
2024-04-10_11:49:18.860 [main] INFO  testcases.TC002_ScheduleAppointmentTest - Clicked on the Make Appointment button
2024-04-10_11:49:18.914 [main] INFO  testcases.TC002_ScheduleAppointmentTest - Successfully navigated to Aura Login Page
2024-04-10_11:49:18.914 [main] INFO  testcases.TC002_ScheduleAppointmentTest - Adding Login credentials
2024-04-10_11:49:19.192 [main] INFO  testcases.TC002_ScheduleAppointmentTest - Clicking on Login button
2024-04-10_11:49:21.990 [main] INFO  testcases.TC002_ScheduleAppointmentTest - Facility added for the patient - Seoul CURA Healthcare Center
2024-04-10_11:49:22.023 [main] INFO  testcases.TC002_ScheduleAppointmentTest - Checked the Re-Admission checkbox
2024-04-10_11:49:22.054 [main] INFO  testcases.TC002_ScheduleAppointmentTest - Health care selected
2024-04-10_11:49:22.247 [main] INFO  testcases.TC002_ScheduleAppointmentTest - Visit date specified - 10/04/2024
2024-04-10_11:49:22.399 [main] INFO  testcases.TC002_ScheduleAppointmentTest - Comments specified - nbPjbqxZxk0561453073
2024-04-10_11:49:23.102 [main] INFO  testcases.TC002_ScheduleAppointmentTest - Clicked on Book Appointment button
2024-04-10_11:49:23.246 [main] INFO  testcases.TC002_ScheduleAppointmentTest - Successfully created an appointment
2024-04-10_11:49:23.246 [main] INFO  testcases.TC002_ScheduleAppointmentTest - *** Finished TC002_ScheduleAppointmentTest ***
2024-04-10_11:49:56.082 [main] INFO  testcases.TC003_LoginDDT - *** Starting TC003_LoginDDT ***
2024-04-10_11:50:00.013 [main] INFO  testcases.TC003_LoginDDT - *** Finished TC003_LoginDDT ***
2024-04-10_11:50:00.016 [main] INFO  testcases.TC003_LoginDDT - *** Starting TC003_LoginDDT ***
2024-04-10_11:50:22.274 [main] INFO  testcases.TC003_LoginDDT - *** Finished TC003_LoginDDT ***
2024-04-10_11:50:22.274 [main] INFO  testcases.TC003_LoginDDT - *** Starting TC003_LoginDDT ***
2024-04-10_11:50:43.407 [main] INFO  testcases.TC003_LoginDDT - *** Finished TC003_LoginDDT ***
2024-04-10_11:50:43.407 [main] INFO  testcases.TC003_LoginDDT - *** Starting TC003_LoginDDT ***
2024-04-10_11:51:04.516 [main] INFO  testcases.TC003_LoginDDT - *** Finished TC003_LoginDDT ***
2024-04-10_11:51:04.516 [main] INFO  testcases.TC003_LoginDDT - *** Starting TC003_LoginDDT ***
2024-04-10_11:51:06.838 [main] INFO  testcases.TC003_LoginDDT - *** Finished TC003_LoginDDT ***
2024-04-11_11:02:55.388 [main] INFO  testcases.TC001_LoginValidationTest - ****** Starting TC001_LoginValidationTest *******
2024-04-11_11:02:55.533 [main] INFO  testcases.TC001_LoginValidationTest - Successfully navigated to Aura Homepage
2024-04-11_11:02:56.513 [main] INFO  testcases.TC001_LoginValidationTest - Clicked on the Make Appointment button
2024-04-11_11:02:56.816 [main] INFO  testcases.TC001_LoginValidationTest - Successfully navigated to Aura Login Page
2024-04-11_11:02:56.817 [main] INFO  testcases.TC001_LoginValidationTest - Adding Login credentials
2024-04-11_11:02:57.072 [main] INFO  testcases.TC001_LoginValidationTest - Clicking on Login button
2024-04-11_11:02:59.328 [main] INFO  testcases.TC001_LoginValidationTest - Successfully navigated to Aura Schedule Appointment Page
2024-04-11_11:02:59.328 [main] INFO  testcases.TC001_LoginValidationTest - ****** Finished TC001_LoginValidationTest *******
2024-04-11_11:03:45.847 [main] INFO  testcases.TC002_ScheduleAppointmentTest - *** Starting TC002_ScheduleAppointmentTest ***
2024-04-11_11:03:47.498 [main] INFO  testcases.TC002_ScheduleAppointmentTest - Clicked on the Make Appointment button
2024-04-11_11:03:47.547 [main] INFO  testcases.TC002_ScheduleAppointmentTest - Successfully navigated to Aura Login Page
2024-04-11_11:03:47.547 [main] INFO  testcases.TC002_ScheduleAppointmentTest - Adding Login credentials
2024-04-11_11:03:47.836 [main] INFO  testcases.TC002_ScheduleAppointmentTest - Clicking on Login button
2024-04-11_11:03:49.636 [main] INFO  testcases.TC002_ScheduleAppointmentTest - Facility added for the patient - Seoul CURA Healthcare Center
2024-04-11_11:03:49.668 [main] INFO  testcases.TC002_ScheduleAppointmentTest - Checked the Re-Admission checkbox
2024-04-11_11:03:49.701 [main] INFO  testcases.TC002_ScheduleAppointmentTest - Health care selected
2024-04-11_11:03:49.882 [main] INFO  testcases.TC002_ScheduleAppointmentTest - Visit date specified - 11/04/2024
2024-04-11_11:03:50.022 [main] INFO  testcases.TC002_ScheduleAppointmentTest - Comments specified - NbDaizEhQL7424907879
2024-04-11_11:03:51.009 [main] INFO  testcases.TC002_ScheduleAppointmentTest - Clicked on Book Appointment button
2024-04-11_11:03:51.124 [main] INFO  testcases.TC002_ScheduleAppointmentTest - Successfully created an appointment
2024-04-11_11:03:51.124 [main] INFO  testcases.TC002_ScheduleAppointmentTest - *** Finished TC002_ScheduleAppointmentTest ***
2024-04-11_11:47:32.355 [main] INFO  testcases.TC001_LoginValidationTest - ****** Starting TC001_LoginValidationTest *******
2024-04-11_11:47:32.502 [main] INFO  testcases.TC001_LoginValidationTest - Successfully navigated to Aura Homepage
2024-04-11_11:47:34.195 [main] INFO  testcases.TC001_LoginValidationTest - Clicked on the Make Appointment button
2024-04-11_11:47:34.241 [main] INFO  testcases.TC001_LoginValidationTest - Successfully navigated to Aura Login Page
2024-04-11_11:47:34.241 [main] INFO  testcases.TC001_LoginValidationTest - Adding Login credentials
2024-04-11_11:47:34.538 [main] INFO  testcases.TC001_LoginValidationTest - Clicking on Login button
2024-04-11_11:47:36.948 [main] INFO  testcases.TC001_LoginValidationTest - Successfully navigated to Aura Schedule Appointment Page
2024-04-11_11:47:36.949 [main] INFO  testcases.TC001_LoginValidationTest - ****** Finished TC001_LoginValidationTest *******
2024-04-11_11:48:16.751 [main] INFO  testcases.TC002_ScheduleAppointmentTest - *** Starting TC002_ScheduleAppointmentTest ***
2024-04-11_11:48:18.303 [main] INFO  testcases.TC002_ScheduleAppointmentTest - Clicked on the Make Appointment button
2024-04-11_11:48:18.351 [main] INFO  testcases.TC002_ScheduleAppointmentTest - Successfully navigated to Aura Login Page
2024-04-11_11:48:18.352 [main] INFO  testcases.TC002_ScheduleAppointmentTest - Adding Login credentials
2024-04-11_11:48:18.638 [main] INFO  testcases.TC002_ScheduleAppointmentTest - Clicking on Login button
2024-04-11_11:48:20.795 [main] INFO  testcases.TC002_ScheduleAppointmentTest - Facility added for the patient - Seoul CURA Healthcare Center
2024-04-11_11:48:20.830 [main] INFO  testcases.TC002_ScheduleAppointmentTest - Checked the Re-Admission checkbox
2024-04-11_11:48:20.864 [main] INFO  testcases.TC002_ScheduleAppointmentTest - Health care selected
2024-04-11_11:48:21.037 [main] INFO  testcases.TC002_ScheduleAppointmentTest - Visit date specified - 11/04/2024
2024-04-11_11:48:21.183 [main] INFO  testcases.TC002_ScheduleAppointmentTest - Comments specified - coRMxvlYxC0129753066
2024-04-11_11:48:22.418 [main] INFO  testcases.TC002_ScheduleAppointmentTest - Clicked on Book Appointment button
2024-04-11_11:48:22.529 [main] INFO  testcases.TC002_ScheduleAppointmentTest - Successfully created an appointment
2024-04-11_11:48:22.529 [main] INFO  testcases.TC002_ScheduleAppointmentTest - *** Finished TC002_ScheduleAppointmentTest ***
2024-04-11_11:49:06.383 [main] INFO  testcases.TC003_LoginDDT - *** Starting TC003_LoginDDT ***
2024-04-11_11:49:17.808 [main] INFO  testcases.TC003_LoginDDT - *** Finished TC003_LoginDDT ***
2024-04-11_11:49:17.808 [main] INFO  testcases.TC003_LoginDDT - *** Starting TC003_LoginDDT ***
2024-04-11_11:49:43.704 [main] INFO  testcases.TC003_LoginDDT - *** Finished TC003_LoginDDT ***
2024-04-11_11:49:43.704 [main] INFO  testcases.TC003_LoginDDT - *** Starting TC003_LoginDDT ***
2024-04-11_11:50:06.242 [main] INFO  testcases.TC003_LoginDDT - *** Finished TC003_LoginDDT ***
2024-04-11_11:50:06.242 [main] INFO  testcases.TC003_LoginDDT - *** Starting TC003_LoginDDT ***
2024-04-11_11:50:31.865 [main] INFO  testcases.TC003_LoginDDT - *** Finished TC003_LoginDDT ***
2024-04-11_11:50:31.865 [main] INFO  testcases.TC003_LoginDDT - *** Starting TC003_LoginDDT ***
2024-04-11_11:50:33.947 [main] INFO  testcases.TC003_LoginDDT - *** Finished TC003_LoginDDT ***
2024-04-11_11:54:05.370 [main] INFO  testcases.TC001_LoginValidationTest - ****** Starting TC001_LoginValidationTest *******
2024-04-11_11:54:05.497 [main] INFO  testcases.TC001_LoginValidationTest - Successfully navigated to Aura Homepage
2024-04-11_11:54:06.653 [main] INFO  testcases.TC001_LoginValidationTest - Clicked on the Make Appointment button
2024-04-11_11:54:06.698 [main] INFO  testcases.TC001_LoginValidationTest - Successfully navigated to Aura Login Page
2024-04-11_11:54:06.698 [main] INFO  testcases.TC001_LoginValidationTest - Adding Login credentials
2024-04-11_11:54:06.949 [main] INFO  testcases.TC001_LoginValidationTest - Clicking on Login button
2024-04-11_11:54:10.148 [main] INFO  testcases.TC001_LoginValidationTest - Successfully navigated to Aura Schedule Appointment Page
2024-04-11_11:54:10.149 [main] INFO  testcases.TC001_LoginValidationTest - ****** Finished TC001_LoginValidationTest *******
2024-04-11_11:54:39.614 [main] INFO  testcases.TC002_ScheduleAppointmentTest - *** Starting TC002_ScheduleAppointmentTest ***
2024-04-11_11:54:40.234 [main] INFO  testcases.TC002_ScheduleAppointmentTest - Clicked on the Make Appointment button
2024-04-11_11:54:40.277 [main] INFO  testcases.TC002_ScheduleAppointmentTest - Successfully navigated to Aura Login Page
2024-04-11_11:54:40.278 [main] INFO  testcases.TC002_ScheduleAppointmentTest - Adding Login credentials
2024-04-11_11:54:40.514 [main] INFO  testcases.TC002_ScheduleAppointmentTest - Clicking on Login button
2024-04-11_11:54:41.763 [main] INFO  testcases.TC002_ScheduleAppointmentTest - Facility added for the patient - Seoul CURA Healthcare Center
2024-04-11_11:54:41.799 [main] INFO  testcases.TC002_ScheduleAppointmentTest - Checked the Re-Admission checkbox
2024-04-11_11:54:41.834 [main] INFO  testcases.TC002_ScheduleAppointmentTest - Health care selected
2024-04-11_11:54:42.027 [main] INFO  testcases.TC002_ScheduleAppointmentTest - Visit date specified - 11/04/2024
2024-04-11_11:54:42.147 [main] INFO  testcases.TC002_ScheduleAppointmentTest - Comments specified - WdXuLuXNVd6074920858
2024-04-11_11:54:42.585 [main] INFO  testcases.TC002_ScheduleAppointmentTest - Clicked on Book Appointment button
2024-04-11_11:54:42.659 [main] INFO  testcases.TC002_ScheduleAppointmentTest - Successfully created an appointment
2024-04-11_11:54:42.660 [main] INFO  testcases.TC002_ScheduleAppointmentTest - *** Finished TC002_ScheduleAppointmentTest ***
2024-04-11_11:55:08.275 [main] INFO  testcases.TC003_LoginDDT - *** Starting TC003_LoginDDT ***
2024-04-11_11:55:15.962 [main] INFO  testcases.TC003_LoginDDT - *** Finished TC003_LoginDDT ***
2024-04-11_11:55:15.964 [main] INFO  testcases.TC003_LoginDDT - *** Starting TC003_LoginDDT ***
2024-04-11_11:55:38.276 [main] INFO  testcases.TC003_LoginDDT - *** Finished TC003_LoginDDT ***
2024-04-11_11:55:38.279 [main] INFO  testcases.TC003_LoginDDT - *** Starting TC003_LoginDDT ***
2024-04-11_11:56:01.895 [main] INFO  testcases.TC003_LoginDDT - *** Finished TC003_LoginDDT ***
2024-04-11_11:56:01.897 [main] INFO  testcases.TC003_LoginDDT - *** Starting TC003_LoginDDT ***
2024-04-11_11:56:28.322 [main] INFO  testcases.TC003_LoginDDT - *** Finished TC003_LoginDDT ***
2024-04-11_11:56:28.324 [main] INFO  testcases.TC003_LoginDDT - *** Starting TC003_LoginDDT ***
2024-04-11_11:57:06.378 [main] INFO  testcases.TC003_LoginDDT - *** Finished TC003_LoginDDT ***
2024-04-11_12:58:01.243 [main] INFO  testcases.TC001_LoginValidationTest - ****** Starting TC001_LoginValidationTest *******
2024-04-11_12:58:01.381 [main] INFO  testcases.TC001_LoginValidationTest - Successfully navigated to Aura Homepage
2024-04-11_12:58:02.404 [main] INFO  testcases.TC001_LoginValidationTest - Clicked on the Make Appointment button
2024-04-11_12:58:02.448 [main] INFO  testcases.TC001_LoginValidationTest - Successfully navigated to Aura Login Page
2024-04-11_12:58:02.448 [main] INFO  testcases.TC001_LoginValidationTest - Adding Login credentials
2024-04-11_12:58:02.694 [main] INFO  testcases.TC001_LoginValidationTest - Clicking on Login button
2024-04-11_12:58:03.866 [main] INFO  testcases.TC001_LoginValidationTest - Successfully navigated to Aura Schedule Appointment Page
2024-04-11_12:58:03.866 [main] INFO  testcases.TC001_LoginValidationTest - ****** Finished TC001_LoginValidationTest *******
2024-04-11_12:58:49.677 [main] INFO  testcases.TC002_ScheduleAppointmentTest - *** Starting TC002_ScheduleAppointmentTest ***
2024-04-11_12:58:50.519 [main] INFO  testcases.TC002_ScheduleAppointmentTest - Clicked on the Make Appointment button
2024-04-11_12:58:50.561 [main] INFO  testcases.TC002_ScheduleAppointmentTest - Successfully navigated to Aura Login Page
2024-04-11_12:58:50.562 [main] INFO  testcases.TC002_ScheduleAppointmentTest - Adding Login credentials
2024-04-11_12:58:50.793 [main] INFO  testcases.TC002_ScheduleAppointmentTest - Clicking on Login button
2024-04-11_12:58:52.090 [main] INFO  testcases.TC002_ScheduleAppointmentTest - Facility added for the patient - Seoul CURA Healthcare Center
2024-04-11_12:58:52.126 [main] INFO  testcases.TC002_ScheduleAppointmentTest - Checked the Re-Admission checkbox
2024-04-11_12:58:52.162 [main] INFO  testcases.TC002_ScheduleAppointmentTest - Health care selected
2024-04-11_12:58:52.337 [main] INFO  testcases.TC002_ScheduleAppointmentTest - Visit date specified - 11/04/2024
2024-04-11_12:58:52.456 [main] INFO  testcases.TC002_ScheduleAppointmentTest - Comments specified - hEKjYOCdrX0527934000
2024-04-11_12:58:53.140 [main] INFO  testcases.TC002_ScheduleAppointmentTest - Clicked on Book Appointment button
2024-04-11_12:58:53.274 [main] INFO  testcases.TC002_ScheduleAppointmentTest - Successfully created an appointment
2024-04-11_12:58:53.274 [main] INFO  testcases.TC002_ScheduleAppointmentTest - *** Finished TC002_ScheduleAppointmentTest ***
2024-04-11_12:59:21.191 [main] INFO  testcases.TC003_LoginDDT - *** Starting TC003_LoginDDT ***
2024-04-11_12:59:26.736 [main] INFO  testcases.TC003_LoginDDT - *** Finished TC003_LoginDDT ***
2024-04-11_12:59:26.739 [main] INFO  testcases.TC003_LoginDDT - *** Starting TC003_LoginDDT ***
2024-04-11_12:59:49.210 [main] INFO  testcases.TC003_LoginDDT - *** Finished TC003_LoginDDT ***
2024-04-11_12:59:49.214 [main] INFO  testcases.TC003_LoginDDT - *** Starting TC003_LoginDDT ***
2024-04-11_13:00:10.807 [main] INFO  testcases.TC003_LoginDDT - *** Finished TC003_LoginDDT ***
2024-04-11_13:00:10.810 [main] INFO  testcases.TC003_LoginDDT - *** Starting TC003_LoginDDT ***
2024-04-11_13:00:32.305 [main] INFO  testcases.TC003_LoginDDT - *** Finished TC003_LoginDDT ***
2024-04-11_13:00:32.307 [main] INFO  testcases.TC003_LoginDDT - *** Starting TC003_LoginDDT ***
2024-04-11_13:00:34.918 [main] INFO  testcases.TC003_LoginDDT - *** Finished TC003_LoginDDT ***
2024-04-12_12:13:45.546 [main] INFO  testcases.TC001_LoginValidationTest - ****** Starting TC001_LoginValidationTest *******
2024-04-12_12:13:45.711 [main] INFO  testcases.TC001_LoginValidationTest - Successfully navigated to Aura Homepage
2024-04-12_12:13:46.620 [main] INFO  testcases.TC001_LoginValidationTest - Clicked on the Make Appointment button
2024-04-12_12:13:46.675 [main] INFO  testcases.TC001_LoginValidationTest - Successfully navigated to Aura Login Page
2024-04-12_12:13:46.676 [main] INFO  testcases.TC001_LoginValidationTest - Adding Login credentials
2024-04-12_12:13:46.951 [main] INFO  testcases.TC001_LoginValidationTest - Clicking on Login button
2024-04-12_12:13:47.951 [main] INFO  testcases.TC001_LoginValidationTest - Successfully navigated to Aura Schedule Appointment Page
2024-04-12_12:13:47.951 [main] INFO  testcases.TC001_LoginValidationTest - ****** Finished TC001_LoginValidationTest *******
2024-04-12_12:13:53.238 [main] INFO  testcases.TC002_ScheduleAppointmentTest - *** Starting TC002_ScheduleAppointmentTest ***
2024-04-12_12:13:54.052 [main] INFO  testcases.TC002_ScheduleAppointmentTest - Clicked on the Make Appointment button
2024-04-12_12:13:54.106 [main] INFO  testcases.TC002_ScheduleAppointmentTest - Successfully navigated to Aura Login Page
2024-04-12_12:13:54.106 [main] INFO  testcases.TC002_ScheduleAppointmentTest - Adding Login credentials
2024-04-12_12:13:54.370 [main] INFO  testcases.TC002_ScheduleAppointmentTest - Clicking on Login button
2024-04-12_12:13:55.257 [main] INFO  testcases.TC002_ScheduleAppointmentTest - Facility added for the patient - Seoul CURA Healthcare Center
2024-04-12_12:13:55.290 [main] INFO  testcases.TC002_ScheduleAppointmentTest - Checked the Re-Admission checkbox
2024-04-12_12:13:55.320 [main] INFO  testcases.TC002_ScheduleAppointmentTest - Health care selected
2024-04-12_12:13:55.514 [main] INFO  testcases.TC002_ScheduleAppointmentTest - Visit date specified - 12/04/2024
2024-04-12_12:13:55.649 [main] INFO  testcases.TC002_ScheduleAppointmentTest - Comments specified - QJknEmkehm6350420831
2024-04-12_12:13:56.029 [main] INFO  testcases.TC002_ScheduleAppointmentTest - Clicked on Book Appointment button
2024-04-12_12:13:56.136 [main] INFO  testcases.TC002_ScheduleAppointmentTest - Successfully created an appointment
2024-04-12_12:13:56.137 [main] INFO  testcases.TC002_ScheduleAppointmentTest - *** Finished TC002_ScheduleAppointmentTest ***
2024-04-12_12:14:04.234 [main] INFO  testcases.TC003_LoginDDT - *** Starting TC003_LoginDDT ***
2024-04-12_12:14:08.048 [main] INFO  testcases.TC003_LoginDDT - *** Finished TC003_LoginDDT ***
2024-04-12_12:14:08.053 [main] INFO  testcases.TC003_LoginDDT - *** Starting TC003_LoginDDT ***
2024-04-12_12:14:31.032 [main] INFO  testcases.TC003_LoginDDT - *** Finished TC003_LoginDDT ***
2024-04-12_12:14:31.032 [main] INFO  testcases.TC003_LoginDDT - *** Starting TC003_LoginDDT ***
2024-04-12_12:14:52.703 [main] INFO  testcases.TC003_LoginDDT - *** Finished TC003_LoginDDT ***
2024-04-12_12:14:52.703 [main] INFO  testcases.TC003_LoginDDT - *** Starting TC003_LoginDDT ***
2024-04-12_12:15:14.539 [main] INFO  testcases.TC003_LoginDDT - *** Finished TC003_LoginDDT ***
2024-04-12_12:15:14.548 [main] INFO  testcases.TC003_LoginDDT - *** Starting TC003_LoginDDT ***
2024-04-12_12:15:17.316 [main] INFO  testcases.TC003_LoginDDT - *** Finished TC003_LoginDDT ***
2024-04-12_12:17:40.663 [main] INFO  testcases.TC001_LoginValidationTest - ****** Starting TC001_LoginValidationTest *******
2024-04-12_12:17:40.821 [main] INFO  testcases.TC001_LoginValidationTest - Successfully navigated to Aura Homepage
2024-04-12_12:17:41.932 [main] INFO  testcases.TC001_LoginValidationTest - Clicked on the Make Appointment button
2024-04-12_12:17:41.983 [main] INFO  testcases.TC001_LoginValidationTest - Successfully navigated to Aura Login Page
2024-04-12_12:17:41.983 [main] INFO  testcases.TC001_LoginValidationTest - Adding Login credentials
2024-04-12_12:17:42.257 [main] INFO  testcases.TC001_LoginValidationTest - Clicking on Login button
2024-04-12_12:17:43.737 [main] INFO  testcases.TC001_LoginValidationTest - Successfully navigated to Aura Schedule Appointment Page
2024-04-12_12:17:43.737 [main] INFO  testcases.TC001_LoginValidationTest - ****** Finished TC001_LoginValidationTest *******
2024-04-12_12:17:49.391 [main] INFO  testcases.TC002_ScheduleAppointmentTest - *** Starting TC002_ScheduleAppointmentTest ***
2024-04-12_12:17:50.266 [main] INFO  testcases.TC002_ScheduleAppointmentTest - Clicked on the Make Appointment button
2024-04-12_12:17:50.325 [main] INFO  testcases.TC002_ScheduleAppointmentTest - Successfully navigated to Aura Login Page
2024-04-12_12:17:50.325 [main] INFO  testcases.TC002_ScheduleAppointmentTest - Adding Login credentials
2024-04-12_12:17:50.596 [main] INFO  testcases.TC002_ScheduleAppointmentTest - Clicking on Login button
2024-04-12_12:17:52.798 [main] INFO  testcases.TC002_ScheduleAppointmentTest - Facility added for the patient - Seoul CURA Healthcare Center
2024-04-12_12:17:52.835 [main] INFO  testcases.TC002_ScheduleAppointmentTest - Checked the Re-Admission checkbox
2024-04-12_12:17:52.867 [main] INFO  testcases.TC002_ScheduleAppointmentTest - Health care selected
2024-04-12_12:17:53.042 [main] INFO  testcases.TC002_ScheduleAppointmentTest - Visit date specified - 12/04/2024
2024-04-12_12:17:53.188 [main] INFO  testcases.TC002_ScheduleAppointmentTest - Comments specified - xnDGIDlidH0965226524
2024-04-12_12:17:54.297 [main] INFO  testcases.TC002_ScheduleAppointmentTest - Clicked on Book Appointment button
2024-04-12_12:17:54.387 [main] INFO  testcases.TC002_ScheduleAppointmentTest - Successfully created an appointment
2024-04-12_12:17:54.387 [main] INFO  testcases.TC002_ScheduleAppointmentTest - *** Finished TC002_ScheduleAppointmentTest ***
2024-04-12_12:18:04.370 [main] INFO  testcases.TC003_LoginDDT - *** Starting TC003_LoginDDT ***
2024-04-12_12:18:07.463 [main] INFO  testcases.TC003_LoginDDT - *** Finished TC003_LoginDDT ***
2024-04-12_12:18:07.466 [main] INFO  testcases.TC003_LoginDDT - *** Starting TC003_LoginDDT ***
2024-04-12_12:18:30.658 [main] INFO  testcases.TC003_LoginDDT - *** Finished TC003_LoginDDT ***
2024-04-12_12:18:30.666 [main] INFO  testcases.TC003_LoginDDT - *** Starting TC003_LoginDDT ***
2024-04-12_12:18:52.362 [main] INFO  testcases.TC003_LoginDDT - *** Finished TC003_LoginDDT ***
2024-04-12_12:18:52.362 [main] INFO  testcases.TC003_LoginDDT - *** Starting TC003_LoginDDT ***
2024-04-12_12:19:13.851 [main] INFO  testcases.TC003_LoginDDT - *** Finished TC003_LoginDDT ***
2024-04-12_12:19:13.860 [main] INFO  testcases.TC003_LoginDDT - *** Starting TC003_LoginDDT ***
2024-04-12_12:19:16.348 [main] INFO  testcases.TC003_LoginDDT - *** Finished TC003_LoginDDT ***
2024-04-12_12:22:19.778 [main] INFO  testcases.TC001_LoginValidationTest - ****** Starting TC001_LoginValidationTest *******
2024-04-12_12:22:19.845 [main] INFO  testcases.TC001_LoginValidationTest - Successfully navigated to Aura Homepage
2024-04-12_12:22:20.274 [main] INFO  testcases.TC001_LoginValidationTest - Clicked on the Make Appointment button
2024-04-12_12:22:20.296 [main] INFO  testcases.TC001_LoginValidationTest - Successfully navigated to Aura Login Page
2024-04-12_12:22:20.296 [main] INFO  testcases.TC001_LoginValidationTest - Adding Login credentials
2024-04-12_12:22:20.417 [main] INFO  testcases.TC001_LoginValidationTest - Clicking on Login button
2024-04-12_12:22:21.177 [main] INFO  testcases.TC001_LoginValidationTest - Successfully navigated to Aura Schedule Appointment Page
2024-04-12_12:22:21.178 [main] INFO  testcases.TC001_LoginValidationTest - ****** Finished TC001_LoginValidationTest *******
2024-04-12_12:22:26.342 [main] INFO  testcases.TC002_ScheduleAppointmentTest - *** Starting TC002_ScheduleAppointmentTest ***
2024-04-12_12:22:26.743 [main] INFO  testcases.TC002_ScheduleAppointmentTest - Clicked on the Make Appointment button
2024-04-12_12:22:26.766 [main] INFO  testcases.TC002_ScheduleAppointmentTest - Successfully navigated to Aura Login Page
2024-04-12_12:22:26.766 [main] INFO  testcases.TC002_ScheduleAppointmentTest - Adding Login credentials
2024-04-12_12:22:26.882 [main] INFO  testcases.TC002_ScheduleAppointmentTest - Clicking on Login button
2024-04-12_12:22:27.603 [main] INFO  testcases.TC002_ScheduleAppointmentTest - Facility added for the patient - Seoul CURA Healthcare Center
2024-04-12_12:22:27.616 [main] INFO  testcases.TC002_ScheduleAppointmentTest - Checked the Re-Admission checkbox
2024-04-12_12:22:27.627 [main] INFO  testcases.TC002_ScheduleAppointmentTest - Health care selected
2024-04-12_12:22:27.702 [main] INFO  testcases.TC002_ScheduleAppointmentTest - Visit date specified - 12/04/2024
2024-04-12_12:22:27.760 [main] INFO  testcases.TC002_ScheduleAppointmentTest - Comments specified - ypkkalkWwB5011754961
2024-04-12_12:22:28.110 [main] INFO  testcases.TC002_ScheduleAppointmentTest - Clicked on Book Appointment button
2024-04-12_12:22:28.148 [main] INFO  testcases.TC002_ScheduleAppointmentTest - Successfully created an appointment
2024-04-12_12:22:28.148 [main] INFO  testcases.TC002_ScheduleAppointmentTest - *** Finished TC002_ScheduleAppointmentTest ***
2024-04-12_12:22:33.364 [main] INFO  testcases.TC003_LoginDDT - *** Starting TC003_LoginDDT ***
2024-04-12_12:22:35.263 [main] INFO  testcases.TC003_LoginDDT - *** Finished TC003_LoginDDT ***
2024-04-12_12:22:35.264 [main] INFO  testcases.TC003_LoginDDT - *** Starting TC003_LoginDDT ***
2024-04-12_12:22:56.359 [main] INFO  testcases.TC003_LoginDDT - *** Finished TC003_LoginDDT ***
2024-04-12_12:22:56.361 [main] INFO  testcases.TC003_LoginDDT - *** Starting TC003_LoginDDT ***
2024-04-12_12:23:17.183 [main] INFO  testcases.TC003_LoginDDT - *** Finished TC003_LoginDDT ***
2024-04-12_12:23:17.184 [main] INFO  testcases.TC003_LoginDDT - *** Starting TC003_LoginDDT ***
2024-04-12_12:23:37.939 [main] INFO  testcases.TC003_LoginDDT - *** Finished TC003_LoginDDT ***
2024-04-12_12:23:37.941 [main] INFO  testcases.TC003_LoginDDT - *** Starting TC003_LoginDDT ***
2024-04-12_12:23:39.346 [main] INFO  testcases.TC003_LoginDDT - *** Finished TC003_LoginDDT ***
